[NbConvertApp] Converting notebook IOU.ipynb to notebook
Traceback (most recent call last):
  File "/home/junyi/ASMx/.venv/bin/jupyter-nbconvert", line 10, in <module>
    sys.exit(main())
             ^^^^^^
  File "/home/junyi/ASMx/.venv/lib/python3.12/site-packages/jupyter_core/application.py", line 284, in launch_instance
    super().launch_instance(argv=argv, **kwargs)
  File "/home/junyi/ASMx/.venv/lib/python3.12/site-packages/traitlets/config/application.py", line 1082, in launch_instance
    app.start()
  File "/home/junyi/ASMx/.venv/lib/python3.12/site-packages/nbconvert/nbconvertapp.py", line 420, in start
    self.convert_notebooks()
  File "/home/junyi/ASMx/.venv/lib/python3.12/site-packages/nbconvert/nbconvertapp.py", line 597, in convert_notebooks
    self.convert_single_notebook(notebook_filename)
  File "/home/junyi/ASMx/.venv/lib/python3.12/site-packages/nbconvert/nbconvertapp.py", line 563, in convert_single_notebook
    output, resources = self.export_single_notebook(
                        ^^^^^^^^^^^^^^^^^^^^^^^^^^^^
  File "/home/junyi/ASMx/.venv/lib/python3.12/site-packages/nbconvert/nbconvertapp.py", line 487, in export_single_notebook
    output, resources = self.exporter.from_filename(
                        ^^^^^^^^^^^^^^^^^^^^^^^^^^^^
  File "/home/junyi/ASMx/.venv/lib/python3.12/site-packages/nbconvert/exporters/exporter.py", line 201, in from_filename
    return self.from_file(f, resources=resources, **kw)
           ^^^^^^^^^^^^^^^^^^^^^^^^^^^^^^^^^^^^^^^^^^^^
  File "/home/junyi/ASMx/.venv/lib/python3.12/site-packages/nbconvert/exporters/exporter.py", line 220, in from_file
    return self.from_notebook_node(
           ^^^^^^^^^^^^^^^^^^^^^^^^
  File "/home/junyi/ASMx/.venv/lib/python3.12/site-packages/nbconvert/exporters/notebook.py", line 36, in from_notebook_node
    nb_copy, resources = super().from_notebook_node(nb, resources, **kw)
                         ^^^^^^^^^^^^^^^^^^^^^^^^^^^^^^^^^^^^^^^^^^^^^^^
  File "/home/junyi/ASMx/.venv/lib/python3.12/site-packages/nbconvert/exporters/exporter.py", line 154, in from_notebook_node
    nb_copy, resources = self._preprocess(nb_copy, resources)
                         ^^^^^^^^^^^^^^^^^^^^^^^^^^^^^^^^^^^^
  File "/home/junyi/ASMx/.venv/lib/python3.12/site-packages/nbconvert/exporters/exporter.py", line 353, in _preprocess
    nbc, resc = preprocessor(nbc, resc)
                ^^^^^^^^^^^^^^^^^^^^^^^
  File "/home/junyi/ASMx/.venv/lib/python3.12/site-packages/nbconvert/preprocessors/base.py", line 48, in __call__
    return self.preprocess(nb, resources)
           ^^^^^^^^^^^^^^^^^^^^^^^^^^^^^^
  File "/home/junyi/ASMx/.venv/lib/python3.12/site-packages/nbconvert/preprocessors/execute.py", line 103, in preprocess
    self.preprocess_cell(cell, resources, index)
  File "/home/junyi/ASMx/.venv/lib/python3.12/site-packages/nbconvert/preprocessors/execute.py", line 124, in preprocess_cell
    cell = self.execute_cell(cell, index, store_history=True)
           ^^^^^^^^^^^^^^^^^^^^^^^^^^^^^^^^^^^^^^^^^^^^^^^^^^
  File "/home/junyi/ASMx/.venv/lib/python3.12/site-packages/jupyter_core/utils/__init__.py", line 165, in wrapped
    return loop.run_until_complete(inner)
           ^^^^^^^^^^^^^^^^^^^^^^^^^^^^^^
  File "/home/junyi/miniconda3/lib/python3.12/asyncio/base_events.py", line 685, in run_until_complete
    return future.result()
           ^^^^^^^^^^^^^^^
  File "/home/junyi/ASMx/.venv/lib/python3.12/site-packages/nbclient/client.py", line 1062, in async_execute_cell
    await self._check_raise_for_error(cell, cell_index, exec_reply)
  File "/home/junyi/ASMx/.venv/lib/python3.12/site-packages/nbclient/client.py", line 918, in _check_raise_for_error
    raise CellExecutionError.from_cell_and_msg(cell, exec_reply_content)
nbclient.exceptions.CellExecutionError: An error occurred while executing the following cell:
------------------
iou, only1, only2, intersection_matrix, only_in_1_matrix, only_in_2_matrix = calculate_iou(sm, motion)
print(f"IoU: {iou}")
plt.figure(figsize=(8, 6))
plt.rcParams.update({'font.size': 20, 'font.family': 'serif'})
plt.imshow(only_in_motion, cmap='RdYlGn', interpolation='nearest', origin='lower', vmin=0, vmax=1, aspect='auto')
plt.colorbar(label='Intersection')
plt.title('Intersection of Contours')
plt.tight_layout()
# reverse the y-axis
plt.gca().invert_yaxis()
------------------


[31m---------------------------------------------------------------------------[39m
[31mNameError[39m                                 Traceback (most recent call last)
[36mCell[39m[36m [39m[32mIn[8][39m[32m, line 1[39m
[32m----> [39m[32m1[39m iou, only1, only2, intersection_matrix, only_in_1_matrix, only_in_2_matrix = calculate_iou(sm, motion)
[32m      2[39m print(f"IoU: {iou}")
[32m      3[39m plt.figure(figsize=([32m8[39m, [32m6[39m))
[32m      4[39m plt.rcParams.update({[33m'font.size'[39m: [32m20[39m, [33m'font.family'[39m: [33m'serif'[39m})

[31mNameError[39m: name 'sm' is not defined

