
[1;34m[22:51:12][0m ASMx pipeline RUNID=20260527_225112   stage=all

[1;34m[22:51:12][0m Master log: /home/junyi/ASMx/logs/end-to-end/20260527_225112/00_pipeline.log

[1;34m[22:51:12][0m ▶ START 01_rds_raw_to_clean — logging to logs/end-to-end/20260527_225112/01_rds_raw_to_clean.log
processing the data on 2024-07-08
processing the data on 2024-07-09
processing the data on 2024-07-10
processing the data on 2024-07-11
processing the data on 2024-07-12

[1;34m[22:52:25][0m ✔ DONE  01_rds_raw_to_clean (73s)

[1;34m[22:52:25][0m ▶ START 02_rds_clean_to_matrix — logging to logs/end-to-end/20260527_225112/02_rds_clean_to_matrix.log
date: 2024-07-08
lane 1, 2024-07-08 output shape: (200, 3600)
date: 2024-07-09
lane 1, 2024-07-09 output shape: (200, 3600)
date: 2024-07-10
lane 1, 2024-07-10 output shape: (200, 3600)
date: 2024-07-11
lane 1, 2024-07-11 output shape: (200, 3600)
date: 2024-07-12
lane 1, 2024-07-12 output shape: (200, 3600)
date: 2024-07-08
lane 2, 2024-07-08 output shape: (200, 3600)
date: 2024-07-09
lane 2, 2024-07-09 output shape: (200, 3600)
date: 2024-07-10
lane 2, 2024-07-10 output shape: (200, 3600)
date: 2024-07-11
lane 2, 2024-07-11 output shape: (200, 3600)
date: 2024-07-12
lane 2, 2024-07-12 output shape: (200, 3600)
date: 2024-07-08
lane 3, 2024-07-08 output shape: (200, 3600)
date: 2024-07-09
lane 3, 2024-07-09 output shape: (200, 3600)
date: 2024-07-10
lane 3, 2024-07-10 output shape: (200, 3600)
date: 2024-07-11
lane 3, 2024-07-11 output shape: (200, 3600)
date: 2024-07-12
lane 3, 2024-07-12 output shape: (200, 3600)
date: 2024-07-08
lane 4, 2024-07-08 output shape: (200, 3600)
date: 2024-07-09
lane 4, 2024-07-09 output shape: (200, 3600)
date: 2024-07-10
lane 4, 2024-07-10 output shape: (200, 3600)
date: 2024-07-11
lane 4, 2024-07-11 output shape: (200, 3600)
date: 2024-07-12
lane 4, 2024-07-12 output shape: (200, 3600)

[1;34m[22:52:56][0m ✔ DONE  02_rds_clean_to_matrix (31s)

[1;34m[22:52:56][0m ▶ START 03_motion_to_matrix — logging to logs/end-to-end/20260527_225112/03_motion_to_matrix.log
data shape: (200, 3600)
Execution time: 0.96 seconds
data shape: (200, 3600)
Execution time: 0.94 seconds
data shape: (200, 3600)
Execution time: 1.03 seconds
data shape: (200, 3600)
Execution time: 0.92 seconds
data shape: (200, 3600)
Execution time: 0.98 seconds
data shape: (200, 3600)
Execution time: 0.92 seconds
data shape: (200, 3600)
Execution time: 1.00 seconds
data shape: (200, 3600)
Execution time: 1.02 seconds
data shape: (200, 3600)
Execution time: 0.91 seconds
data shape: (200, 3600)
Execution time: 0.96 seconds
data shape: (200, 3600)
Execution time: 0.91 seconds
data shape: (200, 3600)
Execution time: 0.90 seconds
data shape: (200, 3600)
Execution time: 0.92 seconds
data shape: (200, 3600)
Execution time: 0.91 seconds
data shape: (200, 3600)
Execution time: 0.92 seconds
data shape: (200, 3600)
Execution time: 0.91 seconds
data shape: (200, 3600)
Execution time: 0.90 seconds
data shape: (200, 3600)
Execution time: 0.91 seconds
data shape: (200, 3600)
Execution time: 0.90 seconds
data shape: (200, 3600)
Execution time: 0.90 seconds

[1;34m[22:53:20][0m ✔ DONE  03_motion_to_matrix (24s)

[1;34m[22:53:20][0m ▶ START 04a_train_single_date — logging to logs/end-to-end/20260527_225112/04a_train_single_date.log
Traceback (most recent call last):
  File "/home/junyi/ASMx/calibration/train.py", line 12, in <module>
    import thop
ModuleNotFoundError: No module named 'thop'

[1;34m[22:53:22][0m ✘ FAIL  04a_train_single_date (exit 1, 2s) — see /home/junyi/ASMx/logs/end-to-end/20260527_225112/04a_train_single_date.log
